<?xml version="1.0" encoding="UTF-8"?>
<testng-results ignored="0" total="1" passed="1" failed="0" skipped="0">
  <reporter-output>
    <line>
      <![CDATA[hello testing program]]>
    </line>
  </reporter-output>
  <suite started-at="2022-03-25T11:19:00 IST" name="Suite" finished-at="2022-03-25T11:19:01 IST" duration-ms="284">
    <groups>
    </groups>
    <test started-at="2022-03-25T11:19:00 IST" name="Test" finished-at="2022-03-25T11:19:01 IST" duration-ms="284">
      <class name="Moven.pnbbank.AppTest">
        <test-method signature="test()[pri:0, instance:Moven.pnbbank.AppTest@333291e3]" started-at="2022-03-25T11:19:01 IST" name="test" finished-at="2022-03-25T11:19:01 IST" duration-ms="11" status="PASS">
          <reporter-output>
            <line>
              <![CDATA[hello testing program]]>
            </line>
          </reporter-output>
        </test-method> <!-- test -->
      </class> <!-- Moven.pnbbank.AppTest -->
    </test> <!-- Test -->
  </suite> <!-- Suite -->
</testng-results>
